<?xml version="1.0" encoding="UTF-8"?>
<!-- Generated by org.testng.reporters.JUnitXMLReporter -->
<testsuite ignored="0" hostname="DESKTOP-2O0BIIS" failures="0" tests="17" name="Default test" time="0.167" errors="0" timestamp="2026-05-31T14:53:33 IST">
  <testcase classname="testBase.BaseClass" name="@BeforeTest setup" time="-1.780219413602E9">
    <failure type="org.testng.TestNGException" message="
Parameter &amp;apos;browser&amp;apos; is required by BeforeTest on method setup but has not been marked @Optional or defined
in C:\Users\Dheeraj\AppData\Local\Temp\testng-eclipse-343323004\testng-customsuite.xml">
      <![CDATA[org.testng.TestNGException: 
Parameter 'browser' is required by BeforeTest on method setup but has not been marked @Optional or defined
in C:\Users\Dheeraj\AppData\Local\Temp\testng-eclipse-343323004\testng-customsuite.xml
at org.testng.internal.Parameters.createParams(Parameters.java:264)
at org.testng.internal.Parameters.createParametersForMethod(Parameters.java:352)
at org.testng.internal.Parameters.createParameters(Parameters.java:690)
at org.testng.internal.Parameters.createConfigurationParameters(Parameters.java:163)
at org.testng.internal.invokers.ConfigInvoker.invokeConfigurations(ConfigInvoker.java:313)
at org.testng.TestRunner.invokeTestConfigurations(TestRunner.java:657)
at org.testng.TestRunner.beforeRun(TestRunner.java:646)
at org.testng.TestRunner.run(TestRunner.java:612)
at org.testng.SuiteRunner.runTest(SuiteRunner.java:421)
at org.testng.SuiteRunner.runSequentially(SuiteRunner.java:413)
at org.testng.SuiteRunner.privateRun(SuiteRunner.java:373)
at org.testng.SuiteRunner.run(SuiteRunner.java:312)
at org.testng.SuiteRunnerWorker.runSuite(SuiteRunnerWorker.java:52)
at org.testng.SuiteRunnerWorker.run(SuiteRunnerWorker.java:95)
at org.testng.TestNG.runSuitesSequentially(TestNG.java:1274)
at org.testng.TestNG.runSuitesLocally(TestNG.java:1208)
at org.testng.TestNG.runSuites(TestNG.java:1112)
at org.testng.TestNG.run(TestNG.java:1079)
at org.testng.remote.AbstractRemoteTestNG.run(AbstractRemoteTestNG.java:115)
at org.testng.remote.RemoteTestNG.initAndRun(RemoteTestNG.java:293)
at org.testng.remote.RemoteTestNG.main(RemoteTestNG.java:91)
]]>
    </failure>
  </testcase> <!-- @BeforeTest setup -->
  <testcase classname="testCases.SellingCombinations" name="@BeforeMethod initHelper" time="0.0">
    <skipped/>
  </testcase> <!-- @BeforeMethod initHelper -->
  <testcase classname="testCases.SellingCombinations" name="@BeforeMethod initHelper" time="0.0">
    <skipped/>
  </testcase> <!-- @BeforeMethod initHelper -->
  <testcase classname="testCases.SellingCombinations" name="@BeforeMethod initHelper" time="0.0">
    <skipped/>
  </testcase> <!-- @BeforeMethod initHelper -->
  <testcase classname="testCases.SellingCombinations" name="@BeforeMethod initHelper" time="0.0">
    <skipped/>
  </testcase> <!-- @BeforeMethod initHelper -->
  <testcase classname="testCases.SellingCombinations" name="@BeforeMethod initHelper" time="0.0">
    <skipped/>
  </testcase> <!-- @BeforeMethod initHelper -->
  <testcase classname="testCases.SellingCombinations" name="@BeforeMethod initHelper" time="0.0">
    <skipped/>
  </testcase> <!-- @BeforeMethod initHelper -->
  <testcase classname="testCases.SellingCombinations" name="@BeforeMethod initHelper" time="0.0">
    <skipped/>
  </testcase> <!-- @BeforeMethod initHelper -->
  <testcase classname="testCases.SellingCombinations" name="@BeforeMethod initHelper" time="0.0">
    <skipped/>
  </testcase> <!-- @BeforeMethod initHelper -->
  <testcase classname="testCases.SellingCombinations" name="@BeforeMethod initHelper" time="0.0">
    <skipped/>
  </testcase> <!-- @BeforeMethod initHelper -->
  <testcase classname="testCases.SellingCombinations" name="@BeforeMethod initHelper" time="0.0">
    <skipped/>
  </testcase> <!-- @BeforeMethod initHelper -->
  <testcase classname="testCases.SellingCombinations" name="@BeforeMethod initHelper" time="0.0">
    <skipped/>
  </testcase> <!-- @BeforeMethod initHelper -->
  <testcase classname="testCases.SellingCombinations" name="@BeforeMethod initHelper" time="0.0">
    <skipped/>
  </testcase> <!-- @BeforeMethod initHelper -->
  <testcase classname="testCases.SellingCombinations" name="@BeforeMethod initHelper" time="0.0">
    <skipped/>
  </testcase> <!-- @BeforeMethod initHelper -->
  <testcase classname="testCases.SellingCombinations" name="@BeforeMethod initHelper" time="0.0">
    <skipped/>
  </testcase> <!-- @BeforeMethod initHelper -->
  <testcase classname="testCases.SellingCombinations" name="@BeforeMethod initHelper" time="0.0">
    <skipped/>
  </testcase> <!-- @BeforeMethod initHelper -->
  <testcase classname="testCases.SellingCombinations" name="@BeforeMethod initHelper" time="0.0">
    <skipped/>
  </testcase> <!-- @BeforeMethod initHelper -->
  <testcase classname="testCases.SellingCombinations" name="@BeforeMethod initHelper" time="0.0">
    <skipped/>
  </testcase> <!-- @BeforeMethod initHelper -->
  <testcase classname="testCases.SellingCombinations" name="regular_Longterm_Market_Day" time="0.001">
    <skipped/>
  </testcase> <!-- regular_Longterm_Market_Day -->
  <testcase classname="testCases.SellingCombinations" name="regular_Longterm_Market_Immediate" time="0.001">
    <skipped/>
  </testcase> <!-- regular_Longterm_Market_Immediate -->
  <testcase classname="testCases.SellingCombinations" name="regular_Longterm_Limit_Day" time="0.0">
    <skipped/>
  </testcase> <!-- regular_Longterm_Limit_Day -->
  <testcase classname="testCases.SellingCombinations" name="regular_Longterm_Limit_Immediate" time="0.0">
    <skipped/>
  </testcase> <!-- regular_Longterm_Limit_Immediate -->
  <testcase classname="testCases.SellingCombinations" name="regular_Longterm_SL_Day" time="0.0">
    <skipped/>
  </testcase> <!-- regular_Longterm_SL_Day -->
  <testcase classname="testCases.SellingCombinations" name="regular_Longterm_SL_Immediate" time="0.0">
    <skipped/>
  </testcase> <!-- regular_Longterm_SL_Immediate -->
  <testcase classname="testCases.SellingCombinations" name="regular_Longterm_SLM_Day" time="0.0">
    <skipped/>
  </testcase> <!-- regular_Longterm_SLM_Day -->
  <testcase classname="testCases.SellingCombinations" name="regular_Longterm_SLM_Immediate" time="0.001">
    <skipped/>
  </testcase> <!-- regular_Longterm_SLM_Immediate -->
  <testcase classname="testCases.SellingCombinations" name="verifyQuantityAs0" time="0.0">
    <skipped/>
  </testcase> <!-- verifyQuantityAs0 -->
  <testcase classname="testCases.SellingCombinations" name="verifyQuantityLessThan0" time="0.0">
    <skipped/>
  </testcase> <!-- verifyQuantityLessThan0 -->
  <testcase classname="testCases.SellingCombinations" name="verifyQuantityMoreExchangeQuantity" time="0.001">
    <skipped/>
  </testcase> <!-- verifyQuantityMoreExchangeQuantity -->
  <testcase classname="testCases.SellingCombinations" name="verifyQuantityMoreThan0" time="0.0">
    <skipped/>
  </testcase> <!-- verifyQuantityMoreThan0 -->
  <testcase classname="testCases.SellingCombinations" name="verifyPriceAs0" time="0.0">
    <skipped/>
  </testcase> <!-- verifyPriceAs0 -->
  <testcase classname="testCases.SellingCombinations" name="priceMorethanCircuit" time="0.0">
    <skipped/>
  </testcase> <!-- priceMorethanCircuit -->
  <testcase classname="testCases.SellingCombinations" name="priceLessthanCircuit" time="0.0">
    <skipped/>
  </testcase> <!-- priceLessthanCircuit -->
  <testcase classname="testCases.SellingCombinations" name="triggerPriceGreaterThanPrice" time="0.0">
    <skipped/>
  </testcase> <!-- triggerPriceGreaterThanPrice -->
  <testcase classname="testCases.SellingCombinations" name="triggerPriceLessThanMarketPrice" time="0.0">
    <skipped/>
  </testcase> <!-- triggerPriceLessThanMarketPrice -->
</testsuite> <!-- Default test -->
