<?xml version="1.0" encoding="UTF-8"?>
<!-- Generated by org.testng.reporters.JUnitReportReporter -->
<testsuite hostname="5905-LAP-0294" failures="0" tests="10" name="testCases.SellingCombinations" time="23.384" errors="0" timestamp="2026-06-01T09:34:26 IST" skipped="2">
  <testcase classname="testCases.SellingCombinations" name="regular_Longterm_Market_Day" time="2.445"/>
  <testcase classname="testCases.SellingCombinations" name="regular_Longterm_Market_Immediate" time="1.856"/>
  <testcase classname="testCases.SellingCombinations" name="regular_Longterm_Limit_Day" time="2.420"/>
  <testcase classname="testCases.SellingCombinations" name="regular_Longterm_Limit_Immediate" time="2.178"/>
  <testcase classname="testCases.SellingCombinations" name="regular_Longterm_SL_Day" time="2.689"/>
  <testcase classname="testCases.SellingCombinations" name="regular_Longterm_SL_Immediate" time="2.635"/>
  <testcase classname="testCases.SellingCombinations" name="regular_Longterm_SLM_Day" time="2.205"/>
  <testcase classname="testCases.SellingCombinations" name="regular_Longterm_SLM_Immediate" time="2.443"/>
  <testcase classname="testCases.SellingCombinations" name="regular_Longterm_SLM_Immediate" time="2.203">
    <skipped/>
  </testcase> <!-- regular_Longterm_SLM_Immediate -->
  <testcase classname="testCases.SellingCombinations" name="regular_Longterm_SLM_Immediate" time="2.310">
    <skipped/>
  </testcase> <!-- regular_Longterm_SLM_Immediate -->
</testsuite> <!-- testCases.SellingCombinations -->
