<?xml version="1.0" encoding="UTF-8"?>
<!-- Generated by org.testng.reporters.JUnitXMLReporter -->
<testsuite ignored="2" hostname="5905-LAP-0294" failures="0" tests="2" name="Test" time="11.539" errors="0" timestamp="2026-06-04T10:59:39 IST">
  <testcase classname="testCases.Login_Test" name="login" time="5.483">
    <skipped/>
  </testcase> <!-- login -->
  <testcase classname="testCases.Login_Test" name="login" time="0.158">
    <skipped/>
  </testcase> <!-- login -->
  <testcase classname="testBase.BaseClass" name="@AfterSuite teardown" time="0.0">
    <ignored/>
  </testcase> <!-- @AfterSuite teardown -->
  <testcase classname="testBase.BaseClass" name="@BeforeTest setup" time="0.0">
    <ignored/>
  </testcase> <!-- @BeforeTest setup -->
</testsuite> <!-- Test -->
